<?xml version="1.0" encoding="UTF-8"?>
<testsuite xmlns:xsi="http://www.w3.org/2001/XMLSchema-instance" xsi:noNamespaceSchemaLocation="https://maven.apache.org/surefire/maven-surefire-plugin/xsd/surefire-test-report.xsd" name="org.acme.reactive.crud.FruitResourceTest" time="12.8" tests="1" errors="0" skipped="0" failures="1">
  <properties>
    <property name="gopherProxySet" value="false"/>
    <property name="awt.toolkit" value="sun.lwawt.macosx.LWCToolkit"/>
    <property name="java.specification.version" value="11"/>
    <property name="sun.cpu.isalist" value=""/>
    <property name="sun.jnu.encoding" value="UTF-8"/>
    <property name="java.class.path" value="/Users/anamarija/workspaces/quarkus-quickstarts/getting-started-reactive-crud/target/test-classes:/Users/anamarija/workspaces/quarkus-quickstarts/getting-started-reactive-crud/target/classes:/Users/anamarija/.m2/repository/io/quarkus/quarkus-resteasy/999-SNAPSHOT/quarkus-resteasy-999-SNAPSHOT.jar:/Users/anamarija/.m2/repository/io/quarkus/quarkus-vertx-http/999-SNAPSHOT/quarkus-vertx-http-999-SNAPSHOT.jar:/Users/anamarija/.m2/repository/io/quarkus/quarkus-development-mode-spi/999-SNAPSHOT/quarkus-development-mode-spi-999-SNAPSHOT.jar:/Users/anamarija/.m2/repository/io/quarkus/security/quarkus-security/1.1.1.Final/quarkus-security-1.1.1.Final.jar:/Users/anamarija/.m2/repository/jakarta/enterprise/jakarta.enterprise.cdi-api/2.0.2/jakarta.enterprise.cdi-api-2.0.2.jar:/Users/anamarija/.m2/repository/jakarta/el/jakarta.el-api/3.0.3/jakarta.el-api-3.0.3.jar:/Users/anamarija/.m2/repository/jakarta/interceptor/jakarta.interceptor-api/1.2.5/jakarta.interceptor-api-1.2.5.jar:/Users/anamarija/.m2/repository/io/quarkus/quarkus-vertx-core/999-SNAPSHOT/quarkus-vertx-core-999-SNAPSHOT.jar:/Users/anamarija/.m2/repository/io/vertx/vertx-web/3.9.1/vertx-web-3.9.1.jar:/Users/anamarija/.m2/repository/io/vertx/vertx-web-common/3.9.1/vertx-web-common-3.9.1.jar:/Users/anamarija/.m2/repository/io/vertx/vertx-auth-common/3.9.1/vertx-auth-common-3.9.1.jar:/Users/anamarija/.m2/repository/io/vertx/vertx-bridge-common/3.9.1/vertx-bridge-common-3.9.1.jar:/Users/anamarija/.m2/repository/io/quarkus/quarkus-resteasy-server-common/999-SNAPSHOT/quarkus-resteasy-server-common-999-SNAPSHOT.jar:/Users/anamarija/.m2/repository/io/quarkus/quarkus-resteasy-common/999-SNAPSHOT/quarkus-resteasy-common-999-SNAPSHOT.jar:/Users/anamarija/.m2/repository/com/sun/activation/jakarta.activation/1.2.1/jakarta.activation-1.2.1.jar:/Users/anamarija/.m2/repository/jakarta/validation/jakarta.validation-api/2.0.2/jakarta.validation-api-2.0.2.jar:/Users/anamarija/.m2/repository/io/quarkus/quarkus-resteasy-mutiny/999-SNAPSHOT/quarkus-resteasy-mutiny-999-SNAPSHOT.jar:/Users/anamarija/.m2/repository/io/quarkus/quarkus-core/999-SNAPSHOT/quarkus-core-999-SNAPSHOT.jar:/Users/anamarija/.m2/repository/jakarta/annotation/jakarta.annotation-api/1.3.5/jakarta.annotation-api-1.3.5.jar:/Users/anamarija/.m2/repository/jakarta/inject/jakarta.inject-api/1.0/jakarta.inject-api-1.0.jar:/Users/anamarija/.m2/repository/io/quarkus/quarkus-ide-launcher/999-SNAPSHOT/quarkus-ide-launcher-999-SNAPSHOT.jar:/Users/anamarija/.m2/repository/io/smallrye/config/smallrye-config/1.7.0/smallrye-config-1.7.0.jar:/Users/anamarija/.m2/repository/io/smallrye/config/smallrye-config-common/1.7.0/smallrye-config-common-1.7.0.jar:/Users/anamarija/.m2/repository/org/jboss/logging/jboss-logging/3.3.2.Final/jboss-logging-3.3.2.Final.jar:/Users/anamarija/.m2/repository/org/jboss/logmanager/jboss-logmanager-embedded/1.0.4/jboss-logmanager-embedded-1.0.4.jar:/Users/anamarija/.m2/repository/org/jboss/logging/jboss-logging-annotations/2.1.0.Final/jboss-logging-annotations-2.1.0.Final.jar:/Users/anamarija/.m2/repository/org/jboss/threads/jboss-threads/3.1.1.Final/jboss-threads-3.1.1.Final.jar:/Users/anamarija/.m2/repository/org/slf4j/slf4j-api/1.7.30/slf4j-api-1.7.30.jar:/Users/anamarija/.m2/repository/org/jboss/slf4j/slf4j-jboss-logging/1.2.0.Final/slf4j-jboss-logging-1.2.0.Final.jar:/Users/anamarija/.m2/repository/org/graalvm/sdk/graal-sdk/19.3.1/graal-sdk-19.3.1.jar:/Users/anamarija/.m2/repository/org/wildfly/common/wildfly-common/1.5.4.Final-format-001/wildfly-common-1.5.4.Final-format-001.jar:/Users/anamarija/.m2/repository/io/quarkus/quarkus-bootstrap-runner/999-SNAPSHOT/quarkus-bootstrap-runner-999-SNAPSHOT.jar:/Users/anamarija/.m2/repository/io/quarkus/quarkus-arc/999-SNAPSHOT/quarkus-arc-999-SNAPSHOT.jar:/Users/anamarija/.m2/repository/io/quarkus/arc/arc/999-SNAPSHOT/arc-999-SNAPSHOT.jar:/Users/anamarija/.m2/repository/jakarta/transaction/jakarta.transaction-api/1.3.3/jakarta.transaction-api-1.3.3.jar:/Users/anamarija/.m2/repository/org/eclipse/microprofile/context-propagation/microprofile-context-propagation-api/1.0.1/microprofile-context-propagation-api-1.0.1.jar:/Users/anamarija/.m2/repository/io/quarkus/quarkus-mutiny/999-SNAPSHOT/quarkus-mutiny-999-SNAPSHOT.jar:/Users/anamarija/.m2/repository/io/smallrye/reactive/mutiny/0.5.0/mutiny-0.5.0.jar:/Users/anamarija/.m2/repository/org/reactivestreams/reactive-streams/1.0.3/reactive-streams-1.0.3.jar:/Users/anamarija/.m2/repository/io/quarkus/quarkus-smallrye-context-propagation/999-SNAPSHOT/quarkus-smallrye-context-propagation-999-SNAPSHOT.jar:/Users/anamarija/.m2/repository/io/smallrye/smallrye-context-propagation/1.0.13/smallrye-context-propagation-1.0.13.jar:/Users/anamarija/.m2/repository/io/smallrye/smallrye-context-propagation-api/1.0.13/smallrye-context-propagation-api-1.0.13.jar:/Users/anamarija/.m2/repository/io/smallrye/reactive/mutiny-context-propagation/0.5.0/mutiny-context-propagation-0.5.0.jar:/Users/anamarija/.m2/repository/org/jboss/resteasy/resteasy-client/4.5.3.Final/resteasy-client-4.5.3.Final.jar:/Users/anamarija/.m2/repository/org/jboss/resteasy/resteasy-client-api/4.5.3.Final/resteasy-client-api-4.5.3.Final.jar:/Users/anamarija/.m2/repository/org/jboss/resteasy/resteasy-core-spi/4.5.3.Final/resteasy-core-spi-4.5.3.Final.jar:/Users/anamarija/.m2/repository/org/jboss/spec/javax/xml/bind/jboss-jaxb-api_2.3_spec/2.0.0.Final/jboss-jaxb-api_2.3_spec-2.0.0.Final.jar:/Users/anamarija/.m2/repository/org/jboss/resteasy/resteasy-core/4.5.3.Final/resteasy-core-4.5.3.Final.jar:/Users/anamarija/.m2/repository/org/eclipse/microprofile/config/microprofile-config-api/1.4/microprofile-config-api-1.4.jar:/Users/anamarija/.m2/repository/commons-codec/commons-codec/1.14/commons-codec-1.14.jar:/Users/anamarija/.m2/repository/org/jboss/spec/javax/ws/rs/jboss-jaxrs-api_2.1_spec/2.0.1.Final/jboss-jaxrs-api_2.1_spec-2.0.1.Final.jar:/Users/anamarija/.m2/repository/io/quarkus/quarkus-reactive-pg-client/999-SNAPSHOT/quarkus-reactive-pg-client-999-SNAPSHOT.jar:/Users/anamarija/.m2/repository/io/quarkus/quarkus-reactive-datasource/999-SNAPSHOT/quarkus-reactive-datasource-999-SNAPSHOT.jar:/Users/anamarija/.m2/repository/io/quarkus/quarkus-datasource/999-SNAPSHOT/quarkus-datasource-999-SNAPSHOT.jar:/Users/anamarija/.m2/repository/io/quarkus/quarkus-datasource-common/999-SNAPSHOT/quarkus-datasource-common-999-SNAPSHOT.jar:/Users/anamarija/.m2/repository/io/quarkus/quarkus-vertx/999-SNAPSHOT/quarkus-vertx-999-SNAPSHOT.jar:/Users/anamarija/.m2/repository/io/quarkus/quarkus-netty/999-SNAPSHOT/quarkus-netty-999-SNAPSHOT.jar:/Users/anamarija/.m2/repository/io/netty/netty-codec/4.1.49.Final/netty-codec-4.1.49.Final.jar:/Users/anamarija/.m2/repository/io/netty/netty-handler/4.1.49.Final/netty-handler-4.1.49.Final.jar:/Users/anamarija/.m2/repository/io/quarkus/quarkus-jackson/999-SNAPSHOT/quarkus-jackson-999-SNAPSHOT.jar:/Users/anamarija/.m2/repository/com/fasterxml/jackson/core/jackson-databind/2.10.4/jackson-databind-2.10.4.jar:/Users/anamarija/.m2/repository/com/fasterxml/jackson/core/jackson-annotations/2.10.4/jackson-annotations-2.10.4.jar:/Users/anamarija/.m2/repository/com/fasterxml/jackson/datatype/jackson-datatype-jsr310/2.10.4/jackson-datatype-jsr310-2.10.4.jar:/Users/anamarija/.m2/repository/com/fasterxml/jackson/datatype/jackson-datatype-jdk8/2.10.4/jackson-datatype-jdk8-2.10.4.jar:/Users/anamarija/.m2/repository/com/fasterxml/jackson/module/jackson-module-parameter-names/2.10.4/jackson-module-parameter-names-2.10.4.jar:/Users/anamarija/.m2/repository/io/smallrye/reactive/smallrye-axle-generator/0.0.16/smallrye-axle-generator-0.0.16.jar:/Users/anamarija/.m2/repository/io/smallrye/reactive/mutiny-reactive-streams-operators/0.5.0/mutiny-reactive-streams-operators-0.5.0.jar:/Users/anamarija/.m2/repository/org/eclipse/microprofile/reactive-streams-operators/microprofile-reactive-streams-operators-api/1.0.1/microprofile-reactive-streams-operators-api-1.0.1.jar:/Users/anamarija/.m2/repository/org/eclipse/microprofile/reactive-streams-operators/microprofile-reactive-streams-operators-core/1.0.1/microprofile-reactive-streams-operators-core-1.0.1.jar:/Users/anamarija/.m2/repository/io/smallrye/reactive/smallrye-axle-core/0.0.16/smallrye-axle-core-0.0.16.jar:/Users/anamarija/.m2/repository/io/vertx/vertx-rx-java2/3.9.1/vertx-rx-java2-3.9.1.jar:/Users/anamarija/.m2/repository/io/reactivex/rxjava2/rxjava/2.2.19/rxjava-2.2.19.jar:/Users/anamarija/.m2/repository/io/vertx/vertx-rx-gen/3.9.1/vertx-rx-gen-3.9.1.jar:/Users/anamarija/.m2/repository/io/vertx/vertx-codegen/3.9.1/vertx-codegen-3.9.1.jar:/Users/anamarija/.m2/repository/org/mvel/mvel2/2.4.7.Final/mvel2-2.4.7.Final.jar:/Users/anamarija/.m2/repository/io/smallrye/reactive/smallrye-mutiny-vertx-core/0.0.16/smallrye-mutiny-vertx-core-0.0.16.jar:/Users/anamarija/.m2/repository/io/smallrye/reactive/smallrye-mutiny-vertx-runtime/0.0.16/smallrye-mutiny-vertx-runtime-0.0.16.jar:/Users/anamarija/.m2/repository/io/smallrye/reactive/vertx-mutiny-generator/0.0.16/vertx-mutiny-generator-0.0.16.jar:/Users/anamarija/.m2/repository/io/vertx/vertx-pg-client/3.9.1/vertx-pg-client-3.9.1.jar:/Users/anamarija/.m2/repository/io/vertx/vertx-core/3.9.1/vertx-core-3.9.1.jar:/Users/anamarija/.m2/repository/io/netty/netty-common/4.1.49.Final/netty-common-4.1.49.Final.jar:/Users/anamarija/.m2/repository/io/netty/netty-buffer/4.1.49.Final/netty-buffer-4.1.49.Final.jar:/Users/anamarija/.m2/repository/io/netty/netty-transport/4.1.49.Final/netty-transport-4.1.49.Final.jar:/Users/anamarija/.m2/repository/io/netty/netty-handler-proxy/4.1.49.Final/netty-handler-proxy-4.1.49.Final.jar:/Users/anamarija/.m2/repository/io/netty/netty-codec-socks/4.1.49.Final/netty-codec-socks-4.1.49.Final.jar:/Users/anamarija/.m2/repository/io/netty/netty-codec-http/4.1.49.Final/netty-codec-http-4.1.49.Final.jar:/Users/anamarija/.m2/repository/io/netty/netty-codec-http2/4.1.49.Final/netty-codec-http2-4.1.49.Final.jar:/Users/anamarija/.m2/repository/io/netty/netty-resolver/4.1.49.Final/netty-resolver-4.1.49.Final.jar:/Users/anamarija/.m2/repository/io/netty/netty-resolver-dns/4.1.49.Final/netty-resolver-dns-4.1.49.Final.jar:/Users/anamarija/.m2/repository/io/netty/netty-codec-dns/4.1.49.Final/netty-codec-dns-4.1.49.Final.jar:/Users/anamarija/.m2/repository/com/fasterxml/jackson/core/jackson-core/2.10.4/jackson-core-2.10.4.jar:/Users/anamarija/.m2/repository/io/vertx/vertx-sql-client/3.9.1/vertx-sql-client-3.9.1.jar:/Users/anamarija/.m2/repository/com/ongres/scram/client/2.1/client-2.1.jar:/Users/anamarija/.m2/repository/com/ongres/scram/common/2.1/common-2.1.jar:/Users/anamarija/.m2/repository/com/ongres/stringprep/saslprep/1.1/saslprep-1.1.jar:/Users/anamarija/.m2/repository/com/ongres/stringprep/stringprep/1.1/stringprep-1.1.jar:/Users/anamarija/.m2/repository/io/smallrye/reactive/smallrye-axle-pg-client/0.0.16/smallrye-axle-pg-client-0.0.16.jar:/Users/anamarija/.m2/repository/io/smallrye/reactive/smallrye-axle-sql-client/0.0.16/smallrye-axle-sql-client-0.0.16.jar:/Users/anamarija/.m2/repository/io/smallrye/reactive/smallrye-mutiny-vertx-pg-client/0.0.16/smallrye-mutiny-vertx-pg-client-0.0.16.jar:/Users/anamarija/.m2/repository/io/smallrye/reactive/smallrye-mutiny-vertx-sql-client/0.0.16/smallrye-mutiny-vertx-sql-client-0.0.16.jar:/Users/anamarija/.m2/repository/io/quarkus/quarkus-credentials/999-SNAPSHOT/quarkus-credentials-999-SNAPSHOT.jar:/Users/anamarija/.m2/repository/io/quarkus/quarkus-resteasy-jsonb/999-SNAPSHOT/quarkus-resteasy-jsonb-999-SNAPSHOT.jar:/Users/anamarija/.m2/repository/io/quarkus/quarkus-jsonb/999-SNAPSHOT/quarkus-jsonb-999-SNAPSHOT.jar:/Users/anamarija/.m2/repository/org/eclipse/yasson/1.0.7/yasson-1.0.7.jar:/Users/anamarija/.m2/repository/io/quarkus/quarkus-jsonp/999-SNAPSHOT/quarkus-jsonp-999-SNAPSHOT.jar:/Users/anamarija/.m2/repository/org/jboss/resteasy/resteasy-json-binding-provider/4.5.3.Final/resteasy-json-binding-provider-4.5.3.Final.jar:/Users/anamarija/.m2/repository/org/glassfish/jakarta.json/1.1.6/jakarta.json-1.1.6.jar:/Users/anamarija/.m2/repository/jakarta/json/bind/jakarta.json.bind-api/1.0.2/jakarta.json.bind-api-1.0.2.jar:/Users/anamarija/.m2/repository/org/jboss/resteasy/resteasy-json-p-provider/4.5.3.Final/resteasy-json-p-provider-4.5.3.Final.jar:/Users/anamarija/.m2/repository/commons-io/commons-io/2.6/commons-io-2.6.jar:/Users/anamarija/.m2/repository/io/quarkus/quarkus-junit5/999-SNAPSHOT/quarkus-junit5-999-SNAPSHOT.jar:/Users/anamarija/.m2/repository/io/quarkus/quarkus-bootstrap-core/999-SNAPSHOT/quarkus-bootstrap-core-999-SNAPSHOT.jar:/Users/anamarija/.m2/repository/org/ow2/asm/asm/8.0.1/asm-8.0.1.jar:/Users/anamarija/.m2/repository/org/apache/maven/maven-embedder/3.6.3/maven-embedder-3.6.3.jar:/Users/anamarija/.m2/repository/org/apache/maven/maven-settings/3.6.3/maven-settings-3.6.3.jar:/Users/anamarija/.m2/repository/org/apache/maven/maven-core/3.6.3/maven-core-3.6.3.jar:/Users/anamarija/.m2/repository/org/apache/maven/maven-artifact/3.6.3/maven-artifact-3.6.3.jar:/Users/anamarija/.m2/repository/org/codehaus/plexus/plexus-component-annotations/2.1.0/plexus-component-annotations-2.1.0.jar:/Users/anamarija/.m2/repository/org/apache/maven/maven-plugin-api/3.6.3/maven-plugin-api-3.6.3.jar:/Users/anamarija/.m2/repository/org/apache/maven/maven-model/3.6.3/maven-model-3.6.3.jar:/Users/anamarija/.m2/repository/org/apache/maven/maven-model-builder/3.6.3/maven-model-builder-3.6.3.jar:/Users/anamarija/.m2/repository/org/apache/maven/maven-builder-support/3.6.3/maven-builder-support-3.6.3.jar:/Users/anamarija/.m2/repository/org/apache/maven/resolver/maven-resolver-api/1.4.1/maven-resolver-api-1.4.1.jar:/Users/anamarija/.m2/repository/org/apache/maven/resolver/maven-resolver-util/1.4.1/maven-resolver-util-1.4.1.jar:/Users/anamarija/.m2/repository/org/apache/maven/shared/maven-shared-utils/3.2.1/maven-shared-utils-3.2.1.jar:/Users/anamarija/.m2/repository/com/google/inject/guice/4.2.1/guice-4.2.1-no_aop.jar:/Users/anamarija/.m2/repository/com/google/guava/guava/27.0.1-jre/guava-27.0.1-jre.jar:/Users/anamarija/.m2/repository/com/google/guava/failureaccess/1.0.1/failureaccess-1.0.1.jar:/Users/anamarija/.m2/repository/com/google/guava/listenablefuture/9999.0-empty-to-avoid-conflict-with-guava/listenablefuture-9999.0-empty-to-avoid-conflict-with-guava.jar:/Users/anamarija/.m2/repository/org/codehaus/plexus/plexus-utils/3.2.1/plexus-utils-3.2.1.jar:/Users/anamarija/.m2/repository/org/codehaus/plexus/plexus-classworlds/2.6.0/plexus-classworlds-2.6.0.jar:/Users/anamarija/.m2/repository/commons-cli/commons-cli/1.4/commons-cli-1.4.jar:/Users/anamarija/.m2/repository/org/eclipse/sisu/org.eclipse.sisu.plexus/0.3.4/org.eclipse.sisu.plexus-0.3.4.jar:/Users/anamarija/.m2/repository/org/apache/maven/maven-settings-builder/3.6.3/maven-settings-builder-3.6.3.jar:/Users/anamarija/.m2/repository/org/codehaus/plexus/plexus-interpolation/1.25/plexus-interpolation-1.25.jar:/Users/anamarija/.m2/repository/org/sonatype/plexus/plexus-sec-dispatcher/1.4/plexus-sec-dispatcher-1.4.jar:/Users/anamarija/.m2/repository/org/sonatype/plexus/plexus-cipher/1.4/plexus-cipher-1.4.jar:/Users/anamarija/.m2/repository/org/apache/maven/maven-resolver-provider/3.6.3/maven-resolver-provider-3.6.3.jar:/Users/anamarija/.m2/repository/org/apache/maven/maven-repository-metadata/3.6.3/maven-repository-metadata-3.6.3.jar:/Users/anamarija/.m2/repository/org/apache/maven/resolver/maven-resolver-spi/1.4.1/maven-resolver-spi-1.4.1.jar:/Users/anamarija/.m2/repository/org/apache/maven/resolver/maven-resolver-impl/1.4.1/maven-resolver-impl-1.4.1.jar:/Users/anamarija/.m2/repository/org/apache/maven/resolver/maven-resolver-connector-basic/1.4.1/maven-resolver-connector-basic-1.4.1.jar:/Users/anamarija/.m2/repository/org/apache/maven/resolver/maven-resolver-transport-wagon/1.4.1/maven-resolver-transport-wagon-1.4.1.jar:/Users/anamarija/.m2/repository/org/apache/maven/wagon/wagon-http/3.3.4/wagon-http-3.3.4.jar:/Users/anamarija/.m2/repository/org/apache/maven/wagon/wagon-http-shared/3.3.4/wagon-http-shared-3.3.4.jar:/Users/anamarija/.m2/repository/org/jsoup/jsoup/1.12.1/jsoup-1.12.1.jar:/Users/anamarija/.m2/repository/org/apache/maven/wagon/wagon-provider-api/3.3.4/wagon-provider-api-3.3.4.jar:/Users/anamarija/.m2/repository/org/apache/maven/wagon/wagon-file/3.3.4/wagon-file-3.3.4.jar:/Users/anamarija/.m2/repository/org/jboss/logging/commons-logging-jboss-logging/1.0.0.Final/commons-logging-jboss-logging-1.0.0.Final.jar:/Users/anamarija/.m2/repository/org/eclipse/sisu/org.eclipse.sisu.inject/0.3.4/org.eclipse.sisu.inject-0.3.4.jar:/Users/anamarija/.m2/repository/io/quarkus/quarkus-test-common/999-SNAPSHOT/quarkus-test-common-999-SNAPSHOT.jar:/Users/anamarija/.m2/repository/io/quarkus/quarkus-core-deployment/999-SNAPSHOT/quarkus-core-deployment-999-SNAPSHOT.jar:/Users/anamarija/.m2/repository/io/quarkus/gizmo/gizmo/1.0.3.Final/gizmo-1.0.3.Final.jar:/Users/anamarija/.m2/repository/org/ow2/asm/asm-util/8.0.1/asm-util-8.0.1.jar:/Users/anamarija/.m2/repository/org/ow2/asm/asm-tree/8.0.1/asm-tree-8.0.1.jar:/Users/anamarija/.m2/repository/org/ow2/asm/asm-analysis/8.0.1/asm-analysis-8.0.1.jar:/Users/anamarija/.m2/repository/io/quarkus/quarkus-builder/999-SNAPSHOT/quarkus-builder-999-SNAPSHOT.jar:/Users/anamarija/.m2/repository/io/quarkus/quarkus-jsonp-deployment/999-SNAPSHOT/quarkus-jsonp-deployment-999-SNAPSHOT.jar:/Users/anamarija/.m2/repository/org/jboss/jandex/2.1.3.Final/jandex-2.1.3.Final.jar:/Users/anamarija/.m2/repository/org/junit/jupiter/junit-jupiter/5.6.2/junit-jupiter-5.6.2.jar:/Users/anamarija/.m2/repository/org/junit/jupiter/junit-jupiter-api/5.6.2/junit-jupiter-api-5.6.2.jar:/Users/anamarija/.m2/repository/org/apiguardian/apiguardian-api/1.1.0/apiguardian-api-1.1.0.jar:/Users/anamarija/.m2/repository/org/opentest4j/opentest4j/1.2.0/opentest4j-1.2.0.jar:/Users/anamarija/.m2/repository/org/junit/platform/junit-platform-commons/1.6.2/junit-platform-commons-1.6.2.jar:/Users/anamarija/.m2/repository/org/junit/jupiter/junit-jupiter-params/5.6.2/junit-jupiter-params-5.6.2.jar:/Users/anamarija/.m2/repository/org/junit/jupiter/junit-jupiter-engine/5.6.2/junit-jupiter-engine-5.6.2.jar:/Users/anamarija/.m2/repository/org/junit/platform/junit-platform-engine/1.6.2/junit-platform-engine-1.6.2.jar:/Users/anamarija/.m2/repository/com/thoughtworks/xstream/xstream/1.4.11.1/xstream-1.4.11.1.jar:/Users/anamarija/.m2/repository/xmlpull/xmlpull/1.1.3.1/xmlpull-1.1.3.1.jar:/Users/anamarija/.m2/repository/xpp3/xpp3_min/1.1.4c/xpp3_min-1.1.4c.jar:/Users/anamarija/.m2/repository/io/rest-assured/rest-assured/4.3.0/rest-assured-4.3.0.jar:/Users/anamarija/.m2/repository/org/codehaus/groovy/groovy/3.0.2/groovy-3.0.2.jar:/Users/anamarija/.m2/repository/org/codehaus/groovy/groovy-xml/3.0.2/groovy-xml-3.0.2.jar:/Users/anamarija/.m2/repository/org/apache/httpcomponents/httpclient/4.5.12/httpclient-4.5.12.jar:/Users/anamarija/.m2/repository/org/apache/httpcomponents/httpcore/4.4.13/httpcore-4.4.13.jar:/Users/anamarija/.m2/repository/org/apache/httpcomponents/httpmime/4.5.3/httpmime-4.5.3.jar:/Users/anamarija/.m2/repository/org/hamcrest/hamcrest/2.1/hamcrest-2.1.jar:/Users/anamarija/.m2/repository/org/ccil/cowan/tagsoup/tagsoup/1.2.1/tagsoup-1.2.1.jar:/Users/anamarija/.m2/repository/io/rest-assured/json-path/4.3.0/json-path-4.3.0.jar:/Users/anamarija/.m2/repository/org/codehaus/groovy/groovy-json/3.0.2/groovy-json-3.0.2.jar:/Users/anamarija/.m2/repository/io/rest-assured/rest-assured-common/4.3.0/rest-assured-common-4.3.0.jar:/Users/anamarija/.m2/repository/io/rest-assured/xml-path/4.3.0/xml-path-4.3.0.jar:/Users/anamarija/.m2/repository/org/apache/commons/commons-lang3/3.9/commons-lang3-3.9.jar:/Users/anamarija/.m2/repository/jakarta/xml/bind/jakarta.xml.bind-api/2.3.2/jakarta.xml.bind-api-2.3.2.jar:/Users/anamarija/.m2/repository/jakarta/activation/jakarta.activation-api/1.2.1/jakarta.activation-api-1.2.1.jar:/Users/anamarija/.m2/repository/org/apache/sling/org.apache.sling.javax.activation/0.1.0/org.apache.sling.javax.activation-0.1.0.jar:/Users/anamarija/.m2/repository/org/testcontainers/postgresql/1.12.5/postgresql-1.12.5.jar:/Users/anamarija/.m2/repository/org/testcontainers/jdbc/1.12.5/jdbc-1.12.5.jar:/Users/anamarija/.m2/repository/org/testcontainers/database-commons/1.12.5/database-commons-1.12.5.jar:/Users/anamarija/.m2/repository/org/testcontainers/testcontainers/1.12.5/testcontainers-1.12.5.jar:/Users/anamarija/.m2/repository/junit/junit/4.12/junit-4.12.jar:/Users/anamarija/.m2/repository/org/hamcrest/hamcrest-core/1.3/hamcrest-core-1.3.jar:/Users/anamarija/.m2/repository/org/jetbrains/annotations/17.0.0/annotations-17.0.0.jar:/Users/anamarija/.m2/repository/javax/annotation/javax.annotation-api/1.3.2/javax.annotation-api-1.3.2.jar:/Users/anamarija/.m2/repository/org/apache/commons/commons-compress/1.19/commons-compress-1.19.jar:/Users/anamarija/.m2/repository/javax/xml/bind/jaxb-api/2.3.1/jaxb-api-2.3.1.jar:/Users/anamarija/.m2/repository/javax/activation/javax.activation-api/1.2.0/javax.activation-api-1.2.0.jar:/Users/anamarija/.m2/repository/org/rnorth/duct-tape/duct-tape/1.0.8/duct-tape-1.0.8.jar:/Users/anamarija/.m2/repository/org/rnorth/visible-assertions/visible-assertions/2.1.2/visible-assertions-2.1.2.jar:/Users/anamarija/.m2/repository/org/rnorth/tcp-unix-socket-proxy/1.0.2/tcp-unix-socket-proxy-1.0.2.jar:/Users/anamarija/.m2/repository/com/kohlschutter/junixsocket/junixsocket-native-common/2.0.4/junixsocket-native-common-2.0.4.jar:/Users/anamarija/.m2/repository/org/scijava/native-lib-loader/2.0.2/native-lib-loader-2.0.2.jar:/Users/anamarija/.m2/repository/com/kohlschutter/junixsocket/junixsocket-common/2.0.4/junixsocket-common-2.0.4.jar:/Users/anamarija/.m2/repository/net/java/dev/jna/jna-platform/5.5.0/jna-platform-5.5.0.jar:/Users/anamarija/.m2/repository/net/java/dev/jna/jna/5.3.1/jna-5.3.1.jar:"/>
    <property name="java.vm.vendor" value="GraalVM Community"/>
    <property name="sun.arch.data.model" value="64"/>
    <property name="java.vendor.url" value="https://www.graalvm.org/"/>
    <property name="user.timezone" value=""/>
    <property name="java.vm.specification.version" value="11"/>
    <property name="os.name" value="Mac OS X"/>
    <property name="sun.java.launcher" value="SUN_STANDARD"/>
    <property name="user.country" value="HR"/>
    <property name="sun.boot.library.path" value="/Library/Java/JavaVirtualMachines/graalvm-ce-java11-20.1.0/Contents/Home/lib"/>
    <property name="sun.java.command" value="/Users/anamarija/workspaces/quarkus-quickstarts/getting-started-reactive-crud/target/surefire/surefirebooter16893449004679322380.jar /Users/anamarija/workspaces/quarkus-quickstarts/getting-started-reactive-crud/target/surefire 2020-06-02T09-21-00_263-jvmRun1 surefire6358081688038730472tmp surefire_013246080694080763513tmp"/>
    <property name="jdk.debug" value="release"/>
    <property name="surefire.test.class.path" value="/Users/anamarija/workspaces/quarkus-quickstarts/getting-started-reactive-crud/target/test-classes:/Users/anamarija/workspaces/quarkus-quickstarts/getting-started-reactive-crud/target/classes:/Users/anamarija/.m2/repository/io/quarkus/quarkus-resteasy/999-SNAPSHOT/quarkus-resteasy-999-SNAPSHOT.jar:/Users/anamarija/.m2/repository/io/quarkus/quarkus-vertx-http/999-SNAPSHOT/quarkus-vertx-http-999-SNAPSHOT.jar:/Users/anamarija/.m2/repository/io/quarkus/quarkus-development-mode-spi/999-SNAPSHOT/quarkus-development-mode-spi-999-SNAPSHOT.jar:/Users/anamarija/.m2/repository/io/quarkus/security/quarkus-security/1.1.1.Final/quarkus-security-1.1.1.Final.jar:/Users/anamarija/.m2/repository/jakarta/enterprise/jakarta.enterprise.cdi-api/2.0.2/jakarta.enterprise.cdi-api-2.0.2.jar:/Users/anamarija/.m2/repository/jakarta/el/jakarta.el-api/3.0.3/jakarta.el-api-3.0.3.jar:/Users/anamarija/.m2/repository/jakarta/interceptor/jakarta.interceptor-api/1.2.5/jakarta.interceptor-api-1.2.5.jar:/Users/anamarija/.m2/repository/io/quarkus/quarkus-vertx-core/999-SNAPSHOT/quarkus-vertx-core-999-SNAPSHOT.jar:/Users/anamarija/.m2/repository/io/vertx/vertx-web/3.9.1/vertx-web-3.9.1.jar:/Users/anamarija/.m2/repository/io/vertx/vertx-web-common/3.9.1/vertx-web-common-3.9.1.jar:/Users/anamarija/.m2/repository/io/vertx/vertx-auth-common/3.9.1/vertx-auth-common-3.9.1.jar:/Users/anamarija/.m2/repository/io/vertx/vertx-bridge-common/3.9.1/vertx-bridge-common-3.9.1.jar:/Users/anamarija/.m2/repository/io/quarkus/quarkus-resteasy-server-common/999-SNAPSHOT/quarkus-resteasy-server-common-999-SNAPSHOT.jar:/Users/anamarija/.m2/repository/io/quarkus/quarkus-resteasy-common/999-SNAPSHOT/quarkus-resteasy-common-999-SNAPSHOT.jar:/Users/anamarija/.m2/repository/com/sun/activation/jakarta.activation/1.2.1/jakarta.activation-1.2.1.jar:/Users/anamarija/.m2/repository/jakarta/validation/jakarta.validation-api/2.0.2/jakarta.validation-api-2.0.2.jar:/Users/anamarija/.m2/repository/io/quarkus/quarkus-resteasy-mutiny/999-SNAPSHOT/quarkus-resteasy-mutiny-999-SNAPSHOT.jar:/Users/anamarija/.m2/repository/io/quarkus/quarkus-core/999-SNAPSHOT/quarkus-core-999-SNAPSHOT.jar:/Users/anamarija/.m2/repository/jakarta/annotation/jakarta.annotation-api/1.3.5/jakarta.annotation-api-1.3.5.jar:/Users/anamarija/.m2/repository/jakarta/inject/jakarta.inject-api/1.0/jakarta.inject-api-1.0.jar:/Users/anamarija/.m2/repository/io/quarkus/quarkus-ide-launcher/999-SNAPSHOT/quarkus-ide-launcher-999-SNAPSHOT.jar:/Users/anamarija/.m2/repository/io/smallrye/config/smallrye-config/1.7.0/smallrye-config-1.7.0.jar:/Users/anamarija/.m2/repository/io/smallrye/config/smallrye-config-common/1.7.0/smallrye-config-common-1.7.0.jar:/Users/anamarija/.m2/repository/org/jboss/logging/jboss-logging/3.3.2.Final/jboss-logging-3.3.2.Final.jar:/Users/anamarija/.m2/repository/org/jboss/logmanager/jboss-logmanager-embedded/1.0.4/jboss-logmanager-embedded-1.0.4.jar:/Users/anamarija/.m2/repository/org/jboss/logging/jboss-logging-annotations/2.1.0.Final/jboss-logging-annotations-2.1.0.Final.jar:/Users/anamarija/.m2/repository/org/jboss/threads/jboss-threads/3.1.1.Final/jboss-threads-3.1.1.Final.jar:/Users/anamarija/.m2/repository/org/slf4j/slf4j-api/1.7.30/slf4j-api-1.7.30.jar:/Users/anamarija/.m2/repository/org/jboss/slf4j/slf4j-jboss-logging/1.2.0.Final/slf4j-jboss-logging-1.2.0.Final.jar:/Users/anamarija/.m2/repository/org/graalvm/sdk/graal-sdk/19.3.1/graal-sdk-19.3.1.jar:/Users/anamarija/.m2/repository/org/wildfly/common/wildfly-common/1.5.4.Final-format-001/wildfly-common-1.5.4.Final-format-001.jar:/Users/anamarija/.m2/repository/io/quarkus/quarkus-bootstrap-runner/999-SNAPSHOT/quarkus-bootstrap-runner-999-SNAPSHOT.jar:/Users/anamarija/.m2/repository/io/quarkus/quarkus-arc/999-SNAPSHOT/quarkus-arc-999-SNAPSHOT.jar:/Users/anamarija/.m2/repository/io/quarkus/arc/arc/999-SNAPSHOT/arc-999-SNAPSHOT.jar:/Users/anamarija/.m2/repository/jakarta/transaction/jakarta.transaction-api/1.3.3/jakarta.transaction-api-1.3.3.jar:/Users/anamarija/.m2/repository/org/eclipse/microprofile/context-propagation/microprofile-context-propagation-api/1.0.1/microprofile-context-propagation-api-1.0.1.jar:/Users/anamarija/.m2/repository/io/quarkus/quarkus-mutiny/999-SNAPSHOT/quarkus-mutiny-999-SNAPSHOT.jar:/Users/anamarija/.m2/repository/io/smallrye/reactive/mutiny/0.5.0/mutiny-0.5.0.jar:/Users/anamarija/.m2/repository/org/reactivestreams/reactive-streams/1.0.3/reactive-streams-1.0.3.jar:/Users/anamarija/.m2/repository/io/quarkus/quarkus-smallrye-context-propagation/999-SNAPSHOT/quarkus-smallrye-context-propagation-999-SNAPSHOT.jar:/Users/anamarija/.m2/repository/io/smallrye/smallrye-context-propagation/1.0.13/smallrye-context-propagation-1.0.13.jar:/Users/anamarija/.m2/repository/io/smallrye/smallrye-context-propagation-api/1.0.13/smallrye-context-propagation-api-1.0.13.jar:/Users/anamarija/.m2/repository/io/smallrye/reactive/mutiny-context-propagation/0.5.0/mutiny-context-propagation-0.5.0.jar:/Users/anamarija/.m2/repository/org/jboss/resteasy/resteasy-client/4.5.3.Final/resteasy-client-4.5.3.Final.jar:/Users/anamarija/.m2/repository/org/jboss/resteasy/resteasy-client-api/4.5.3.Final/resteasy-client-api-4.5.3.Final.jar:/Users/anamarija/.m2/repository/org/jboss/resteasy/resteasy-core-spi/4.5.3.Final/resteasy-core-spi-4.5.3.Final.jar:/Users/anamarija/.m2/repository/org/jboss/spec/javax/xml/bind/jboss-jaxb-api_2.3_spec/2.0.0.Final/jboss-jaxb-api_2.3_spec-2.0.0.Final.jar:/Users/anamarija/.m2/repository/org/jboss/resteasy/resteasy-core/4.5.3.Final/resteasy-core-4.5.3.Final.jar:/Users/anamarija/.m2/repository/org/eclipse/microprofile/config/microprofile-config-api/1.4/microprofile-config-api-1.4.jar:/Users/anamarija/.m2/repository/commons-codec/commons-codec/1.14/commons-codec-1.14.jar:/Users/anamarija/.m2/repository/org/jboss/spec/javax/ws/rs/jboss-jaxrs-api_2.1_spec/2.0.1.Final/jboss-jaxrs-api_2.1_spec-2.0.1.Final.jar:/Users/anamarija/.m2/repository/io/quarkus/quarkus-reactive-pg-client/999-SNAPSHOT/quarkus-reactive-pg-client-999-SNAPSHOT.jar:/Users/anamarija/.m2/repository/io/quarkus/quarkus-reactive-datasource/999-SNAPSHOT/quarkus-reactive-datasource-999-SNAPSHOT.jar:/Users/anamarija/.m2/repository/io/quarkus/quarkus-datasource/999-SNAPSHOT/quarkus-datasource-999-SNAPSHOT.jar:/Users/anamarija/.m2/repository/io/quarkus/quarkus-datasource-common/999-SNAPSHOT/quarkus-datasource-common-999-SNAPSHOT.jar:/Users/anamarija/.m2/repository/io/quarkus/quarkus-vertx/999-SNAPSHOT/quarkus-vertx-999-SNAPSHOT.jar:/Users/anamarija/.m2/repository/io/quarkus/quarkus-netty/999-SNAPSHOT/quarkus-netty-999-SNAPSHOT.jar:/Users/anamarija/.m2/repository/io/netty/netty-codec/4.1.49.Final/netty-codec-4.1.49.Final.jar:/Users/anamarija/.m2/repository/io/netty/netty-handler/4.1.49.Final/netty-handler-4.1.49.Final.jar:/Users/anamarija/.m2/repository/io/quarkus/quarkus-jackson/999-SNAPSHOT/quarkus-jackson-999-SNAPSHOT.jar:/Users/anamarija/.m2/repository/com/fasterxml/jackson/core/jackson-databind/2.10.4/jackson-databind-2.10.4.jar:/Users/anamarija/.m2/repository/com/fasterxml/jackson/core/jackson-annotations/2.10.4/jackson-annotations-2.10.4.jar:/Users/anamarija/.m2/repository/com/fasterxml/jackson/datatype/jackson-datatype-jsr310/2.10.4/jackson-datatype-jsr310-2.10.4.jar:/Users/anamarija/.m2/repository/com/fasterxml/jackson/datatype/jackson-datatype-jdk8/2.10.4/jackson-datatype-jdk8-2.10.4.jar:/Users/anamarija/.m2/repository/com/fasterxml/jackson/module/jackson-module-parameter-names/2.10.4/jackson-module-parameter-names-2.10.4.jar:/Users/anamarija/.m2/repository/io/smallrye/reactive/smallrye-axle-generator/0.0.16/smallrye-axle-generator-0.0.16.jar:/Users/anamarija/.m2/repository/io/smallrye/reactive/mutiny-reactive-streams-operators/0.5.0/mutiny-reactive-streams-operators-0.5.0.jar:/Users/anamarija/.m2/repository/org/eclipse/microprofile/reactive-streams-operators/microprofile-reactive-streams-operators-api/1.0.1/microprofile-reactive-streams-operators-api-1.0.1.jar:/Users/anamarija/.m2/repository/org/eclipse/microprofile/reactive-streams-operators/microprofile-reactive-streams-operators-core/1.0.1/microprofile-reactive-streams-operators-core-1.0.1.jar:/Users/anamarija/.m2/repository/io/smallrye/reactive/smallrye-axle-core/0.0.16/smallrye-axle-core-0.0.16.jar:/Users/anamarija/.m2/repository/io/vertx/vertx-rx-java2/3.9.1/vertx-rx-java2-3.9.1.jar:/Users/anamarija/.m2/repository/io/reactivex/rxjava2/rxjava/2.2.19/rxjava-2.2.19.jar:/Users/anamarija/.m2/repository/io/vertx/vertx-rx-gen/3.9.1/vertx-rx-gen-3.9.1.jar:/Users/anamarija/.m2/repository/io/vertx/vertx-codegen/3.9.1/vertx-codegen-3.9.1.jar:/Users/anamarija/.m2/repository/org/mvel/mvel2/2.4.7.Final/mvel2-2.4.7.Final.jar:/Users/anamarija/.m2/repository/io/smallrye/reactive/smallrye-mutiny-vertx-core/0.0.16/smallrye-mutiny-vertx-core-0.0.16.jar:/Users/anamarija/.m2/repository/io/smallrye/reactive/smallrye-mutiny-vertx-runtime/0.0.16/smallrye-mutiny-vertx-runtime-0.0.16.jar:/Users/anamarija/.m2/repository/io/smallrye/reactive/vertx-mutiny-generator/0.0.16/vertx-mutiny-generator-0.0.16.jar:/Users/anamarija/.m2/repository/io/vertx/vertx-pg-client/3.9.1/vertx-pg-client-3.9.1.jar:/Users/anamarija/.m2/repository/io/vertx/vertx-core/3.9.1/vertx-core-3.9.1.jar:/Users/anamarija/.m2/repository/io/netty/netty-common/4.1.49.Final/netty-common-4.1.49.Final.jar:/Users/anamarija/.m2/repository/io/netty/netty-buffer/4.1.49.Final/netty-buffer-4.1.49.Final.jar:/Users/anamarija/.m2/repository/io/netty/netty-transport/4.1.49.Final/netty-transport-4.1.49.Final.jar:/Users/anamarija/.m2/repository/io/netty/netty-handler-proxy/4.1.49.Final/netty-handler-proxy-4.1.49.Final.jar:/Users/anamarija/.m2/repository/io/netty/netty-codec-socks/4.1.49.Final/netty-codec-socks-4.1.49.Final.jar:/Users/anamarija/.m2/repository/io/netty/netty-codec-http/4.1.49.Final/netty-codec-http-4.1.49.Final.jar:/Users/anamarija/.m2/repository/io/netty/netty-codec-http2/4.1.49.Final/netty-codec-http2-4.1.49.Final.jar:/Users/anamarija/.m2/repository/io/netty/netty-resolver/4.1.49.Final/netty-resolver-4.1.49.Final.jar:/Users/anamarija/.m2/repository/io/netty/netty-resolver-dns/4.1.49.Final/netty-resolver-dns-4.1.49.Final.jar:/Users/anamarija/.m2/repository/io/netty/netty-codec-dns/4.1.49.Final/netty-codec-dns-4.1.49.Final.jar:/Users/anamarija/.m2/repository/com/fasterxml/jackson/core/jackson-core/2.10.4/jackson-core-2.10.4.jar:/Users/anamarija/.m2/repository/io/vertx/vertx-sql-client/3.9.1/vertx-sql-client-3.9.1.jar:/Users/anamarija/.m2/repository/com/ongres/scram/client/2.1/client-2.1.jar:/Users/anamarija/.m2/repository/com/ongres/scram/common/2.1/common-2.1.jar:/Users/anamarija/.m2/repository/com/ongres/stringprep/saslprep/1.1/saslprep-1.1.jar:/Users/anamarija/.m2/repository/com/ongres/stringprep/stringprep/1.1/stringprep-1.1.jar:/Users/anamarija/.m2/repository/io/smallrye/reactive/smallrye-axle-pg-client/0.0.16/smallrye-axle-pg-client-0.0.16.jar:/Users/anamarija/.m2/repository/io/smallrye/reactive/smallrye-axle-sql-client/0.0.16/smallrye-axle-sql-client-0.0.16.jar:/Users/anamarija/.m2/repository/io/smallrye/reactive/smallrye-mutiny-vertx-pg-client/0.0.16/smallrye-mutiny-vertx-pg-client-0.0.16.jar:/Users/anamarija/.m2/repository/io/smallrye/reactive/smallrye-mutiny-vertx-sql-client/0.0.16/smallrye-mutiny-vertx-sql-client-0.0.16.jar:/Users/anamarija/.m2/repository/io/quarkus/quarkus-credentials/999-SNAPSHOT/quarkus-credentials-999-SNAPSHOT.jar:/Users/anamarija/.m2/repository/io/quarkus/quarkus-resteasy-jsonb/999-SNAPSHOT/quarkus-resteasy-jsonb-999-SNAPSHOT.jar:/Users/anamarija/.m2/repository/io/quarkus/quarkus-jsonb/999-SNAPSHOT/quarkus-jsonb-999-SNAPSHOT.jar:/Users/anamarija/.m2/repository/org/eclipse/yasson/1.0.7/yasson-1.0.7.jar:/Users/anamarija/.m2/repository/io/quarkus/quarkus-jsonp/999-SNAPSHOT/quarkus-jsonp-999-SNAPSHOT.jar:/Users/anamarija/.m2/repository/org/jboss/resteasy/resteasy-json-binding-provider/4.5.3.Final/resteasy-json-binding-provider-4.5.3.Final.jar:/Users/anamarija/.m2/repository/org/glassfish/jakarta.json/1.1.6/jakarta.json-1.1.6.jar:/Users/anamarija/.m2/repository/jakarta/json/bind/jakarta.json.bind-api/1.0.2/jakarta.json.bind-api-1.0.2.jar:/Users/anamarija/.m2/repository/org/jboss/resteasy/resteasy-json-p-provider/4.5.3.Final/resteasy-json-p-provider-4.5.3.Final.jar:/Users/anamarija/.m2/repository/commons-io/commons-io/2.6/commons-io-2.6.jar:/Users/anamarija/.m2/repository/io/quarkus/quarkus-junit5/999-SNAPSHOT/quarkus-junit5-999-SNAPSHOT.jar:/Users/anamarija/.m2/repository/io/quarkus/quarkus-bootstrap-core/999-SNAPSHOT/quarkus-bootstrap-core-999-SNAPSHOT.jar:/Users/anamarija/.m2/repository/org/ow2/asm/asm/8.0.1/asm-8.0.1.jar:/Users/anamarija/.m2/repository/org/apache/maven/maven-embedder/3.6.3/maven-embedder-3.6.3.jar:/Users/anamarija/.m2/repository/org/apache/maven/maven-settings/3.6.3/maven-settings-3.6.3.jar:/Users/anamarija/.m2/repository/org/apache/maven/maven-core/3.6.3/maven-core-3.6.3.jar:/Users/anamarija/.m2/repository/org/apache/maven/maven-artifact/3.6.3/maven-artifact-3.6.3.jar:/Users/anamarija/.m2/repository/org/codehaus/plexus/plexus-component-annotations/2.1.0/plexus-component-annotations-2.1.0.jar:/Users/anamarija/.m2/repository/org/apache/maven/maven-plugin-api/3.6.3/maven-plugin-api-3.6.3.jar:/Users/anamarija/.m2/repository/org/apache/maven/maven-model/3.6.3/maven-model-3.6.3.jar:/Users/anamarija/.m2/repository/org/apache/maven/maven-model-builder/3.6.3/maven-model-builder-3.6.3.jar:/Users/anamarija/.m2/repository/org/apache/maven/maven-builder-support/3.6.3/maven-builder-support-3.6.3.jar:/Users/anamarija/.m2/repository/org/apache/maven/resolver/maven-resolver-api/1.4.1/maven-resolver-api-1.4.1.jar:/Users/anamarija/.m2/repository/org/apache/maven/resolver/maven-resolver-util/1.4.1/maven-resolver-util-1.4.1.jar:/Users/anamarija/.m2/repository/org/apache/maven/shared/maven-shared-utils/3.2.1/maven-shared-utils-3.2.1.jar:/Users/anamarija/.m2/repository/com/google/inject/guice/4.2.1/guice-4.2.1-no_aop.jar:/Users/anamarija/.m2/repository/com/google/guava/guava/27.0.1-jre/guava-27.0.1-jre.jar:/Users/anamarija/.m2/repository/com/google/guava/failureaccess/1.0.1/failureaccess-1.0.1.jar:/Users/anamarija/.m2/repository/com/google/guava/listenablefuture/9999.0-empty-to-avoid-conflict-with-guava/listenablefuture-9999.0-empty-to-avoid-conflict-with-guava.jar:/Users/anamarija/.m2/repository/org/codehaus/plexus/plexus-utils/3.2.1/plexus-utils-3.2.1.jar:/Users/anamarija/.m2/repository/org/codehaus/plexus/plexus-classworlds/2.6.0/plexus-classworlds-2.6.0.jar:/Users/anamarija/.m2/repository/commons-cli/commons-cli/1.4/commons-cli-1.4.jar:/Users/anamarija/.m2/repository/org/eclipse/sisu/org.eclipse.sisu.plexus/0.3.4/org.eclipse.sisu.plexus-0.3.4.jar:/Users/anamarija/.m2/repository/org/apache/maven/maven-settings-builder/3.6.3/maven-settings-builder-3.6.3.jar:/Users/anamarija/.m2/repository/org/codehaus/plexus/plexus-interpolation/1.25/plexus-interpolation-1.25.jar:/Users/anamarija/.m2/repository/org/sonatype/plexus/plexus-sec-dispatcher/1.4/plexus-sec-dispatcher-1.4.jar:/Users/anamarija/.m2/repository/org/sonatype/plexus/plexus-cipher/1.4/plexus-cipher-1.4.jar:/Users/anamarija/.m2/repository/org/apache/maven/maven-resolver-provider/3.6.3/maven-resolver-provider-3.6.3.jar:/Users/anamarija/.m2/repository/org/apache/maven/maven-repository-metadata/3.6.3/maven-repository-metadata-3.6.3.jar:/Users/anamarija/.m2/repository/org/apache/maven/resolver/maven-resolver-spi/1.4.1/maven-resolver-spi-1.4.1.jar:/Users/anamarija/.m2/repository/org/apache/maven/resolver/maven-resolver-impl/1.4.1/maven-resolver-impl-1.4.1.jar:/Users/anamarija/.m2/repository/org/apache/maven/resolver/maven-resolver-connector-basic/1.4.1/maven-resolver-connector-basic-1.4.1.jar:/Users/anamarija/.m2/repository/org/apache/maven/resolver/maven-resolver-transport-wagon/1.4.1/maven-resolver-transport-wagon-1.4.1.jar:/Users/anamarija/.m2/repository/org/apache/maven/wagon/wagon-http/3.3.4/wagon-http-3.3.4.jar:/Users/anamarija/.m2/repository/org/apache/maven/wagon/wagon-http-shared/3.3.4/wagon-http-shared-3.3.4.jar:/Users/anamarija/.m2/repository/org/jsoup/jsoup/1.12.1/jsoup-1.12.1.jar:/Users/anamarija/.m2/repository/org/apache/maven/wagon/wagon-provider-api/3.3.4/wagon-provider-api-3.3.4.jar:/Users/anamarija/.m2/repository/org/apache/maven/wagon/wagon-file/3.3.4/wagon-file-3.3.4.jar:/Users/anamarija/.m2/repository/org/jboss/logging/commons-logging-jboss-logging/1.0.0.Final/commons-logging-jboss-logging-1.0.0.Final.jar:/Users/anamarija/.m2/repository/org/eclipse/sisu/org.eclipse.sisu.inject/0.3.4/org.eclipse.sisu.inject-0.3.4.jar:/Users/anamarija/.m2/repository/io/quarkus/quarkus-test-common/999-SNAPSHOT/quarkus-test-common-999-SNAPSHOT.jar:/Users/anamarija/.m2/repository/io/quarkus/quarkus-core-deployment/999-SNAPSHOT/quarkus-core-deployment-999-SNAPSHOT.jar:/Users/anamarija/.m2/repository/io/quarkus/gizmo/gizmo/1.0.3.Final/gizmo-1.0.3.Final.jar:/Users/anamarija/.m2/repository/org/ow2/asm/asm-util/8.0.1/asm-util-8.0.1.jar:/Users/anamarija/.m2/repository/org/ow2/asm/asm-tree/8.0.1/asm-tree-8.0.1.jar:/Users/anamarija/.m2/repository/org/ow2/asm/asm-analysis/8.0.1/asm-analysis-8.0.1.jar:/Users/anamarija/.m2/repository/io/quarkus/quarkus-builder/999-SNAPSHOT/quarkus-builder-999-SNAPSHOT.jar:/Users/anamarija/.m2/repository/io/quarkus/quarkus-jsonp-deployment/999-SNAPSHOT/quarkus-jsonp-deployment-999-SNAPSHOT.jar:/Users/anamarija/.m2/repository/org/jboss/jandex/2.1.3.Final/jandex-2.1.3.Final.jar:/Users/anamarija/.m2/repository/org/junit/jupiter/junit-jupiter/5.6.2/junit-jupiter-5.6.2.jar:/Users/anamarija/.m2/repository/org/junit/jupiter/junit-jupiter-api/5.6.2/junit-jupiter-api-5.6.2.jar:/Users/anamarija/.m2/repository/org/apiguardian/apiguardian-api/1.1.0/apiguardian-api-1.1.0.jar:/Users/anamarija/.m2/repository/org/opentest4j/opentest4j/1.2.0/opentest4j-1.2.0.jar:/Users/anamarija/.m2/repository/org/junit/platform/junit-platform-commons/1.6.2/junit-platform-commons-1.6.2.jar:/Users/anamarija/.m2/repository/org/junit/jupiter/junit-jupiter-params/5.6.2/junit-jupiter-params-5.6.2.jar:/Users/anamarija/.m2/repository/org/junit/jupiter/junit-jupiter-engine/5.6.2/junit-jupiter-engine-5.6.2.jar:/Users/anamarija/.m2/repository/org/junit/platform/junit-platform-engine/1.6.2/junit-platform-engine-1.6.2.jar:/Users/anamarija/.m2/repository/com/thoughtworks/xstream/xstream/1.4.11.1/xstream-1.4.11.1.jar:/Users/anamarija/.m2/repository/xmlpull/xmlpull/1.1.3.1/xmlpull-1.1.3.1.jar:/Users/anamarija/.m2/repository/xpp3/xpp3_min/1.1.4c/xpp3_min-1.1.4c.jar:/Users/anamarija/.m2/repository/io/rest-assured/rest-assured/4.3.0/rest-assured-4.3.0.jar:/Users/anamarija/.m2/repository/org/codehaus/groovy/groovy/3.0.2/groovy-3.0.2.jar:/Users/anamarija/.m2/repository/org/codehaus/groovy/groovy-xml/3.0.2/groovy-xml-3.0.2.jar:/Users/anamarija/.m2/repository/org/apache/httpcomponents/httpclient/4.5.12/httpclient-4.5.12.jar:/Users/anamarija/.m2/repository/org/apache/httpcomponents/httpcore/4.4.13/httpcore-4.4.13.jar:/Users/anamarija/.m2/repository/org/apache/httpcomponents/httpmime/4.5.3/httpmime-4.5.3.jar:/Users/anamarija/.m2/repository/org/hamcrest/hamcrest/2.1/hamcrest-2.1.jar:/Users/anamarija/.m2/repository/org/ccil/cowan/tagsoup/tagsoup/1.2.1/tagsoup-1.2.1.jar:/Users/anamarija/.m2/repository/io/rest-assured/json-path/4.3.0/json-path-4.3.0.jar:/Users/anamarija/.m2/repository/org/codehaus/groovy/groovy-json/3.0.2/groovy-json-3.0.2.jar:/Users/anamarija/.m2/repository/io/rest-assured/rest-assured-common/4.3.0/rest-assured-common-4.3.0.jar:/Users/anamarija/.m2/repository/io/rest-assured/xml-path/4.3.0/xml-path-4.3.0.jar:/Users/anamarija/.m2/repository/org/apache/commons/commons-lang3/3.9/commons-lang3-3.9.jar:/Users/anamarija/.m2/repository/jakarta/xml/bind/jakarta.xml.bind-api/2.3.2/jakarta.xml.bind-api-2.3.2.jar:/Users/anamarija/.m2/repository/jakarta/activation/jakarta.activation-api/1.2.1/jakarta.activation-api-1.2.1.jar:/Users/anamarija/.m2/repository/org/apache/sling/org.apache.sling.javax.activation/0.1.0/org.apache.sling.javax.activation-0.1.0.jar:/Users/anamarija/.m2/repository/org/testcontainers/postgresql/1.12.5/postgresql-1.12.5.jar:/Users/anamarija/.m2/repository/org/testcontainers/jdbc/1.12.5/jdbc-1.12.5.jar:/Users/anamarija/.m2/repository/org/testcontainers/database-commons/1.12.5/database-commons-1.12.5.jar:/Users/anamarija/.m2/repository/org/testcontainers/testcontainers/1.12.5/testcontainers-1.12.5.jar:/Users/anamarija/.m2/repository/junit/junit/4.12/junit-4.12.jar:/Users/anamarija/.m2/repository/org/hamcrest/hamcrest-core/1.3/hamcrest-core-1.3.jar:/Users/anamarija/.m2/repository/org/jetbrains/annotations/17.0.0/annotations-17.0.0.jar:/Users/anamarija/.m2/repository/javax/annotation/javax.annotation-api/1.3.2/javax.annotation-api-1.3.2.jar:/Users/anamarija/.m2/repository/org/apache/commons/commons-compress/1.19/commons-compress-1.19.jar:/Users/anamarija/.m2/repository/javax/xml/bind/jaxb-api/2.3.1/jaxb-api-2.3.1.jar:/Users/anamarija/.m2/repository/javax/activation/javax.activation-api/1.2.0/javax.activation-api-1.2.0.jar:/Users/anamarija/.m2/repository/org/rnorth/duct-tape/duct-tape/1.0.8/duct-tape-1.0.8.jar:/Users/anamarija/.m2/repository/org/rnorth/visible-assertions/visible-assertions/2.1.2/visible-assertions-2.1.2.jar:/Users/anamarija/.m2/repository/org/rnorth/tcp-unix-socket-proxy/1.0.2/tcp-unix-socket-proxy-1.0.2.jar:/Users/anamarija/.m2/repository/com/kohlschutter/junixsocket/junixsocket-native-common/2.0.4/junixsocket-native-common-2.0.4.jar:/Users/anamarija/.m2/repository/org/scijava/native-lib-loader/2.0.2/native-lib-loader-2.0.2.jar:/Users/anamarija/.m2/repository/com/kohlschutter/junixsocket/junixsocket-common/2.0.4/junixsocket-common-2.0.4.jar:/Users/anamarija/.m2/repository/net/java/dev/jna/jna-platform/5.5.0/jna-platform-5.5.0.jar:/Users/anamarija/.m2/repository/net/java/dev/jna/jna/5.3.1/jna-5.3.1.jar:"/>
    <property name="sun.cpu.endian" value="little"/>
    <property name="user.home" value="/Users/anamarija"/>
    <property name="user.language" value="en"/>
    <property name="java.specification.vendor" value="Oracle Corporation"/>
    <property name="java.version.date" value="2020-04-14"/>
    <property name="java.home" value="/Library/Java/JavaVirtualMachines/graalvm-ce-java11-20.1.0/Contents/Home"/>
    <property name="file.separator" value="/"/>
    <property name="basedir" value="/Users/anamarija/workspaces/quarkus-quickstarts/getting-started-reactive-crud"/>
    <property name="java.vm.compressedOopsMode" value="Zero based"/>
    <property name="line.separator" value="&#10;"/>
    <property name="jdk.internal.vm.ci.enabled" value="true"/>
    <property name="java.specification.name" value="Java Platform API Specification"/>
    <property name="java.vm.specification.vendor" value="Oracle Corporation"/>
    <property name="java.awt.graphicsenv" value="sun.awt.CGraphicsEnvironment"/>
    <property name="surefire.real.class.path" value="/Users/anamarija/workspaces/quarkus-quickstarts/getting-started-reactive-crud/target/surefire/surefirebooter16893449004679322380.jar"/>
    <property name="sun.management.compiler" value="HotSpot 64-Bit Tiered Compilers"/>
    <property name="java.runtime.version" value="11.0.7+10-jvmci-20.1-b02"/>
    <property name="user.name" value="anamarija"/>
    <property name="path.separator" value=":"/>
    <property name="os.version" value="10.14.6"/>
    <property name="java.runtime.name" value="OpenJDK Runtime Environment"/>
    <property name="file.encoding" value="UTF-8"/>
    <property name="java.vm.name" value="OpenJDK 64-Bit Server VM"/>
    <property name="java.vendor.version" value="GraalVM CE 20.1.0"/>
    <property name="localRepository" value="/Users/anamarija/.m2/repository"/>
    <property name="java.vendor.url.bug" value="https://github.com/oracle/graal/issues"/>
    <property name="java.io.tmpdir" value="/var/folders/48/lb9hn6vd7zqfbbh2q4cv76th0000gn/T/"/>
    <property name="java.version" value="11.0.7"/>
    <property name="user.dir" value="/Users/anamarija/workspaces/quarkus-quickstarts/getting-started-reactive-crud"/>
    <property name="os.arch" value="x86_64"/>
    <property name="java.vm.specification.name" value="Java Virtual Machine Specification"/>
    <property name="java.awt.printerjob" value="sun.lwawt.macosx.CPrinterJob"/>
    <property name="sun.os.patch.level" value="unknown"/>
    <property name="java.util.logging.manager" value="org.jboss.logmanager.LogManager"/>
    <property name="java.library.path" value="/Users/anamarija/Library/Java/Extensions:/Library/Java/Extensions:/Network/Library/Java/Extensions:/System/Library/Java/Extensions:/usr/lib/java:."/>
    <property name="java.vendor" value="GraalVM Community"/>
    <property name="java.vm.info" value="mixed mode, sharing"/>
    <property name="java.vm.version" value="11.0.7+10-jvmci-20.1-b02"/>
    <property name="sun.io.unicode.encoding" value="UnicodeBig"/>
    <property name="java.class.version" value="55.0"/>
  </properties>
  <testcase name="testListAllFruits" classname="org.acme.reactive.crud.FruitResourceTest" time="1.51">
    <failure message="1 expectation failed.&#10;Expected status code &lt;200&gt; but was &lt;500&gt;.&#10;" type="java.lang.AssertionError"><![CDATA[java.lang.AssertionError: 
1 expectation failed.
Expected status code <200> but was <500>.

	at org.acme.reactive.crud.FruitResourceTest.testListAllFruits(FruitResourceTest.java:22)
]]></failure>
    <system-out><![CDATA[2020-06-02 09:21:05,299 INFO  [org.tes.doc.DockerClientProviderStrategy] (main) Loaded org.testcontainers.dockerclient.UnixSocketClientProviderStrategy from ~/.testcontainers.properties, will try it first
2020-06-02 09:21:05,948 INFO  [org.tes.doc.UnixSocketClientProviderStrategy] (main) Accessing docker with local Unix socket
2020-06-02 09:21:05,948 INFO  [org.tes.doc.DockerClientProviderStrategy] (main) Found Docker environment with local Unix socket (unix:///var/run/docker.sock)
2020-06-02 09:21:06,213 INFO  [org.tes.DockerClientFactory] (main) Docker host IP address is localhost
2020-06-02 09:21:06,254 INFO  [org.tes.DockerClientFactory] (main) Connected to docker: 
  Server Version: 18.09.2
  API Version: 1.39
  Operating System: Docker for Mac
  Total Memory: 4949 MB
2020-06-02 09:21:07,750 INFO  [org.tes.DockerClientFactory] (main) Ryuk started - will monitor and terminate Testcontainers containers on JVM exit
2020-06-02 09:21:07,750 INFO  [org.tes.DockerClientFactory] (main) Checking the system...
2020-06-02 09:21:07,751 INFO  [org.tes.DockerClientFactory] (main) ✔︎ Docker server version should be at least 1.6.0
2020-06-02 09:21:07,926 INFO  [org.tes.DockerClientFactory] (main) ✔︎ Docker environment should have more than 2GB free disk space
2020-06-02 09:21:07,992 INFO  [🐳 .5]] (main) Creating container for image: postgres:10.5
2020-06-02 09:21:08,182 INFO  [🐳 .5]] (main) Starting container with ID: b79681976b425978ecbce01a784cd4b3c832691b24b62e0403bb7cabab0756df
2020-06-02 09:21:08,763 INFO  [🐳 .5]] (main) Container postgres:10.5 is starting: b79681976b425978ecbce01a784cd4b3c832691b24b62e0403bb7cabab0756df
2020-06-02 09:21:11,597 INFO  [🐳 .5]] (main) Container postgres:10.5 started in PT6.310811S
2020-06-02 09:21:12,387 INFO  [io.quarkus] (main) Quarkus 999-SNAPSHOT on JVM started in 8.674s. Listening on: http://0.0.0.0:8081
2020-06-02 09:21:12,387 INFO  [io.quarkus] (main) Profile test activated. 
2020-06-02 09:21:12,387 INFO  [io.quarkus] (main) Installed features: [cdi, mutiny, reactive-pg-client, resteasy, resteasy-jsonb, resteasy-mutiny, vertx]
2020-06-02 09:21:13,783 ERROR [io.qua.ver.htt.run.QuarkusErrorHandler] (executor-thread-1) HTTP Request to /fruits failed, error id: fa82bf80-8370-4df3-af3e-9c175e9c1fc8-1: org.jboss.resteasy.spi.UnhandledException: io.netty.channel.AbstractChannel$AnnotatedConnectException: Connection refused: localhost/127.0.0.1:5432
	at org.jboss.resteasy.core.ExceptionHandler.handleException(ExceptionHandler.java:381)
	at org.jboss.resteasy.core.SynchronousDispatcher.writeException(SynchronousDispatcher.java:216)
	at org.jboss.resteasy.core.SynchronousDispatcher.invoke(SynchronousDispatcher.java:508)
	at org.jboss.resteasy.core.SynchronousDispatcher.lambda$invoke$4(SynchronousDispatcher.java:259)
	at org.jboss.resteasy.core.SynchronousDispatcher.lambda$preprocess$0(SynchronousDispatcher.java:160)
	at org.jboss.resteasy.core.interception.jaxrs.PreMatchContainerRequestContext.filter(PreMatchContainerRequestContext.java:362)
	at org.jboss.resteasy.core.SynchronousDispatcher.preprocess(SynchronousDispatcher.java:163)
	at org.jboss.resteasy.core.SynchronousDispatcher.invoke(SynchronousDispatcher.java:245)
	at io.quarkus.resteasy.runtime.standalone.RequestDispatcher.service(RequestDispatcher.java:73)
	at io.quarkus.resteasy.runtime.standalone.VertxRequestHandler.dispatch(VertxRequestHandler.java:132)
	at io.quarkus.resteasy.runtime.standalone.VertxRequestHandler.access$000(VertxRequestHandler.java:37)
	at io.quarkus.resteasy.runtime.standalone.VertxRequestHandler$1.run(VertxRequestHandler.java:94)
	at org.jboss.threads.ContextClassLoaderSavingRunnable.run(ContextClassLoaderSavingRunnable.java:35)
	at org.jboss.threads.EnhancedQueueExecutor.safeRun(EnhancedQueueExecutor.java:2046)
	at org.jboss.threads.EnhancedQueueExecutor$ThreadBody.doRunTask(EnhancedQueueExecutor.java:1578)
	at org.jboss.threads.EnhancedQueueExecutor$ThreadBody.run(EnhancedQueueExecutor.java:1452)
	at org.jboss.threads.DelegatingRunnable.run(DelegatingRunnable.java:29)
	at org.jboss.threads.ThreadLocalResettingRunnable.run(ThreadLocalResettingRunnable.java:29)
	at java.base/java.lang.Thread.run(Thread.java:834)
	at org.jboss.threads.JBossThread.run(JBossThread.java:479)
Caused by: io.netty.channel.AbstractChannel$AnnotatedConnectException: Connection refused: localhost/127.0.0.1:5432
Caused by: java.net.ConnectException: Connection refused
	at java.base/sun.nio.ch.SocketChannelImpl.checkConnect(Native Method)
	at java.base/sun.nio.ch.SocketChannelImpl.finishConnect(SocketChannelImpl.java:779)
	at io.netty.channel.socket.nio.NioSocketChannel.doFinishConnect(NioSocketChannel.java:330)
	at io.netty.channel.nio.AbstractNioChannel$AbstractNioUnsafe.finishConnect(AbstractNioChannel.java:334)
	at io.netty.channel.nio.NioEventLoop.processSelectedKey(NioEventLoop.java:702)
	at io.netty.channel.nio.NioEventLoop.processSelectedKeysOptimized(NioEventLoop.java:650)
	at io.netty.channel.nio.NioEventLoop.processSelectedKeys(NioEventLoop.java:576)
	at io.netty.channel.nio.NioEventLoop.run(NioEventLoop.java:493)
	at io.netty.util.concurrent.SingleThreadEventExecutor$4.run(SingleThreadEventExecutor.java:989)
	at io.netty.util.internal.ThreadExecutorMap$2.run(ThreadExecutorMap.java:74)
	at io.netty.util.concurrent.FastThreadLocalRunnable.run(FastThreadLocalRunnable.java:30)
	at java.base/java.lang.Thread.run(Thread.java:834)

]]></system-out>
  </testcase>
</testsuite>